<?xml version="1.0" encoding="UTF-8"?>
<!-- Generated by org.testng.reporters.JUnitReportReporter -->
<testsuite hostname="Latika" failures="0" tests="1" name="seleniumGrid.SingleTest" time="66.551" errors="0" timestamp="2024-10-04T23:20:05 IST" skipped="0">
  <testcase classname="seleniumGrid.SingleTest" name="testOnRemoteURLException" time="66.551"/>
</testsuite> <!-- seleniumGrid.SingleTest -->
