<?xml version="1.0" encoding="UTF-8"?>
<!-- Generated by org.testng.reporters.JUnitReportReporter -->
<testsuite hostname="Latika" failures="0" tests="3" name="seleniumGrid.ParallelTestOnGrid" time="159.642" errors="0" timestamp="2024-10-04T23:22:05 IST" skipped="0">
  <testcase classname="seleniumGrid.ParallelTestOnGrid" name="testParallel" time="47.901"/>
  <testcase classname="seleniumGrid.ParallelTestOnGrid" name="testParallel" time="54.484"/>
  <testcase classname="seleniumGrid.ParallelTestOnGrid" name="testParallel" time="57.257"/>
</testsuite> <!-- seleniumGrid.ParallelTestOnGrid -->
